[debug] [2019-02-06T18:46:11.580Z] ----------------------------------------------------------------------
[debug] [2019-02-06T18:46:11.584Z] Command:       C:\Program Files\nodejs\node.exe C:\Users\shrey\AppData\Roaming\npm\node_modules\firebase-tools\lib\bin\firebase.js init
[debug] [2019-02-06T18:46:11.584Z] CLI Version:   6.3.1
[debug] [2019-02-06T18:46:11.584Z] Platform:      win32
[debug] [2019-02-06T18:46:11.584Z] Node Version:  v10.15.1
[debug] [2019-02-06T18:46:11.586Z] Time:          Thu Feb 07 2019 00:16:11 GMT+0530 (India Standard Time)
[debug] [2019-02-06T18:46:11.586Z] ----------------------------------------------------------------------
[debug] 
[debug] [2019-02-06T18:46:11.598Z] > command requires scopes: ["email","openid","https://www.googleapis.com/auth/cloudplatformprojects.readonly","https://www.googleapis.com/auth/firebase","https://www.googleapis.com/auth/cloud-platform"]
[debug] [2019-02-06T18:46:11.599Z] > authorizing via signed-in user
[info] 
     ######## #### ########  ######## ########     ###     ######  ########
     ##        ##  ##     ## ##       ##     ##  ##   ##  ##       ##
     ######    ##  ########  ######   ########  #########  ######  ######
     ##        ##  ##    ##  ##       ##     ## ##     ##       ## ##
     ##       #### ##     ## ######## ########  ##     ##  ######  ########

You're about to initialize a Firebase project in this directory:

  C:\Users\shrey\OneDrive\Desktop\shrey.me

[info] 
=== Project Setup
[info] 
[info] First, let's associate this project directory with a Firebase project.
[info] You can create multiple project aliases by running firebase use --add, 
[info] but for now we'll just set up a default project.
[info] 
[debug] [2019-02-06T18:46:53.593Z] >>> HTTP REQUEST GET https://firebase.googleapis.com/v1beta1/projects?page_size=100  
 
[debug] [2019-02-06T18:46:56.058Z] <<< HTTP RESPONSE 200
[info] 
=== Hosting Setup
[info] 
[info] Your public directory is the folder (relative to your project directory) that
[info] will contain Hosting assets to be uploaded with firebase deploy. If you
[info] have a build process for your assets, use your build's output directory.
[info] 
